{"/home/arttu/devaus/fullstackopen/part5/frontend/src/App.js": {"path":"/home/arttu/devaus/fullstackopen/part5/frontend/src/App.js","statementMap":{"0":{"start":{"line":8,"column":21},"end":{"line":13,"column":1}},"1":{"start":{"line":9,"column":2},"end":{"line":11,"column":3}},"2":{"start":{"line":10,"column":4},"end":{"line":10,"column":15}},"3":{"start":{"line":12,"column":2},"end":{"line":12,"column":47}},"4":{"start":{"line":15,"column":23},"end":{"line":20,"column":1}},"5":{"start":{"line":16,"column":2},"end":{"line":18,"column":3}},"6":{"start":{"line":17,"column":4},"end":{"line":17,"column":15}},"7":{"start":{"line":19,"column":2},"end":{"line":19,"column":49}},"8":{"start":{"line":22,"column":18},"end":{"line":38,"column":1}},"9":{"start":{"line":23,"column":2},"end":{"line":37,"column":3}},"10":{"start":{"line":40,"column":12},"end":{"line":215,"column":1}},"11":{"start":{"line":41,"column":28},"end":{"line":41,"column":40}},"12":{"start":{"line":42,"column":34},"end":{"line":42,"column":46}},"13":{"start":{"line":43,"column":34},"end":{"line":43,"column":46}},"14":{"start":{"line":44,"column":26},"end":{"line":44,"column":40}},"15":{"start":{"line":45,"column":34},"end":{"line":45,"column":46}},"16":{"start":{"line":46,"column":38},"end":{"line":46,"column":50}},"17":{"start":{"line":47,"column":48},"end":{"line":47,"column":63}},"18":{"start":{"line":49,"column":23},"end":{"line":54,"column":3}},"19":{"start":{"line":50,"column":4},"end":{"line":50,"column":24}},"20":{"start":{"line":51,"column":4},"end":{"line":53,"column":12}},"21":{"start":{"line":52,"column":6},"end":{"line":52,"column":21}},"22":{"start":{"line":57,"column":25},"end":{"line":62,"column":3}},"23":{"start":{"line":58,"column":4},"end":{"line":58,"column":26}},"24":{"start":{"line":59,"column":4},"end":{"line":61,"column":12}},"25":{"start":{"line":60,"column":6},"end":{"line":60,"column":23}},"26":{"start":{"line":63,"column":23},"end":{"line":76,"column":3}},"27":{"start":{"line":64,"column":4},"end":{"line":75,"column":6}},"28":{"start":{"line":65,"column":6},"end":{"line":73,"column":8}},"29":{"start":{"line":66,"column":8},"end":{"line":72,"column":9}},"30":{"start":{"line":67,"column":10},"end":{"line":67,"column":19}},"31":{"start":{"line":68,"column":15},"end":{"line":72,"column":9}},"32":{"start":{"line":69,"column":10},"end":{"line":69,"column":18}},"33":{"start":{"line":71,"column":10},"end":{"line":71,"column":18}},"34":{"start":{"line":74,"column":6},"end":{"line":74,"column":23}},"35":{"start":{"line":77,"column":2},"end":{"line":79,"column":8}},"36":{"start":{"line":78,"column":4},"end":{"line":78,"column":18}},"37":{"start":{"line":81,"column":2},"end":{"line":88,"column":8}},"38":{"start":{"line":82,"column":27},"end":{"line":82,"column":68}},"39":{"start":{"line":83,"column":4},"end":{"line":87,"column":5}},"40":{"start":{"line":84,"column":19},"end":{"line":84,"column":45}},"41":{"start":{"line":85,"column":6},"end":{"line":85,"column":19}},"42":{"start":{"line":86,"column":6},"end":{"line":86,"column":38}},"43":{"start":{"line":90,"column":19},"end":{"line":103,"column":3}},"44":{"start":{"line":91,"column":4},"end":{"line":91,"column":26}},"45":{"start":{"line":92,"column":4},"end":{"line":92,"column":42}},"46":{"start":{"line":93,"column":4},"end":{"line":102,"column":5}},"47":{"start":{"line":94,"column":19},"end":{"line":94,"column":66}},"48":{"start":{"line":95,"column":6},"end":{"line":95,"column":38}},"49":{"start":{"line":97,"column":6},"end":{"line":97,"column":19}},"50":{"start":{"line":98,"column":6},"end":{"line":98,"column":69}},"51":{"start":{"line":99,"column":6},"end":{"line":99,"column":40}},"52":{"start":{"line":101,"column":6},"end":{"line":101,"column":34}},"53":{"start":{"line":105,"column":20},"end":{"line":109,"column":3}},"54":{"start":{"line":106,"column":4},"end":{"line":106,"column":48}},"55":{"start":{"line":107,"column":4},"end":{"line":107,"column":17}},"56":{"start":{"line":108,"column":4},"end":{"line":108,"column":33}},"57":{"start":{"line":111,"column":31},"end":{"line":113,"column":3}},"58":{"start":{"line":112,"column":4},"end":{"line":112,"column":35}},"59":{"start":{"line":115,"column":31},"end":{"line":117,"column":3}},"60":{"start":{"line":116,"column":4},"end":{"line":116,"column":35}},"61":{"start":{"line":119,"column":21},"end":{"line":135,"column":3}},"62":{"start":{"line":120,"column":4},"end":{"line":133,"column":5}},"63":{"start":{"line":121,"column":6},"end":{"line":121,"column":52}},"64":{"start":{"line":122,"column":6},"end":{"line":122,"column":52}},"65":{"start":{"line":123,"column":6},"end":{"line":123,"column":20}},"66":{"start":{"line":124,"column":6},"end":{"line":124,"column":31}},"67":{"start":{"line":126,"column":6},"end":{"line":132,"column":7}},"68":{"start":{"line":127,"column":8},"end":{"line":127,"column":72}},"69":{"start":{"line":128,"column":13},"end":{"line":132,"column":7}},"70":{"start":{"line":129,"column":8},"end":{"line":129,"column":80}},"71":{"start":{"line":131,"column":8},"end":{"line":131,"column":59}},"72":{"start":{"line":137,"column":28},"end":{"line":147,"column":3}},"73":{"start":{"line":138,"column":4},"end":{"line":138,"column":54}},"74":{"start":{"line":139,"column":4},"end":{"line":146,"column":5}},"75":{"start":{"line":140,"column":6},"end":{"line":140,"column":47}},"76":{"start":{"line":141,"column":6},"end":{"line":141,"column":20}},"77":{"start":{"line":142,"column":6},"end":{"line":142,"column":34}},"78":{"start":{"line":144,"column":6},"end":{"line":144,"column":44}},"79":{"start":{"line":145,"column":6},"end":{"line":145,"column":37}},"80":{"start":{"line":149,"column":30},"end":{"line":163,"column":3}},"81":{"start":{"line":150,"column":4},"end":{"line":153,"column":12}},"82":{"start":{"line":153,"column":6},"end":{"line":153,"column":12}},"83":{"start":{"line":154,"column":4},"end":{"line":162,"column":5}},"84":{"start":{"line":155,"column":6},"end":{"line":155,"column":43}},"85":{"start":{"line":156,"column":6},"end":{"line":156,"column":20}},"86":{"start":{"line":158,"column":6},"end":{"line":158,"column":36}},"87":{"start":{"line":160,"column":6},"end":{"line":160,"column":46}},"88":{"start":{"line":161,"column":6},"end":{"line":161,"column":37}},"89":{"start":{"line":165,"column":20},"end":{"line":171,"column":3}},"90":{"start":{"line":166,"column":4},"end":{"line":170,"column":55}},"91":{"start":{"line":175,"column":23},"end":{"line":202,"column":3}},"92":{"start":{"line":176,"column":4},"end":{"line":201,"column":11}},"93":{"start":{"line":181,"column":10},"end":{"line":182,"column":56}},"94":{"start":{"line":188,"column":35},"end":{"line":188,"column":60}},"95":{"start":{"line":196,"column":35},"end":{"line":196,"column":59}},"96":{"start":{"line":206,"column":2},"end":{"line":214,"column":3}}},"fnMap":{"0":{"name":"(anonymous_0)","decl":{"start":{"line":8,"column":21},"end":{"line":8,"column":22}},"loc":{"start":{"line":8,"column":38},"end":{"line":13,"column":1}},"line":8},"1":{"name":"(anonymous_1)","decl":{"start":{"line":15,"column":23},"end":{"line":15,"column":24}},"loc":{"start":{"line":15,"column":42},"end":{"line":20,"column":1}},"line":15},"2":{"name":"(anonymous_2)","decl":{"start":{"line":22,"column":18},"end":{"line":22,"column":19}},"loc":{"start":{"line":22,"column":29},"end":{"line":38,"column":1}},"line":22},"3":{"name":"(anonymous_3)","decl":{"start":{"line":40,"column":12},"end":{"line":40,"column":13}},"loc":{"start":{"line":40,"column":18},"end":{"line":215,"column":1}},"line":40},"4":{"name":"(anonymous_4)","decl":{"start":{"line":49,"column":23},"end":{"line":49,"column":24}},"loc":{"start":{"line":49,"column":36},"end":{"line":54,"column":3}},"line":49},"5":{"name":"(anonymous_5)","decl":{"start":{"line":51,"column":15},"end":{"line":51,"column":16}},"loc":{"start":{"line":51,"column":21},"end":{"line":53,"column":5}},"line":51},"6":{"name":"(anonymous_6)","decl":{"start":{"line":57,"column":25},"end":{"line":57,"column":26}},"loc":{"start":{"line":57,"column":38},"end":{"line":62,"column":3}},"line":57},"7":{"name":"(anonymous_7)","decl":{"start":{"line":59,"column":15},"end":{"line":59,"column":16}},"loc":{"start":{"line":59,"column":21},"end":{"line":61,"column":5}},"line":59},"8":{"name":"(anonymous_8)","decl":{"start":{"line":63,"column":23},"end":{"line":63,"column":24}},"loc":{"start":{"line":63,"column":29},"end":{"line":76,"column":3}},"line":63},"9":{"name":"(anonymous_9)","decl":{"start":{"line":64,"column":30},"end":{"line":64,"column":31}},"loc":{"start":{"line":64,"column":39},"end":{"line":75,"column":5}},"line":64},"10":{"name":"(anonymous_10)","decl":{"start":{"line":65,"column":17},"end":{"line":65,"column":18}},"loc":{"start":{"line":65,"column":36},"end":{"line":73,"column":7}},"line":65},"11":{"name":"(anonymous_11)","decl":{"start":{"line":77,"column":12},"end":{"line":77,"column":13}},"loc":{"start":{"line":77,"column":18},"end":{"line":79,"column":3}},"line":77},"12":{"name":"(anonymous_12)","decl":{"start":{"line":81,"column":12},"end":{"line":81,"column":13}},"loc":{"start":{"line":81,"column":18},"end":{"line":88,"column":3}},"line":81},"13":{"name":"(anonymous_13)","decl":{"start":{"line":90,"column":19},"end":{"line":90,"column":20}},"loc":{"start":{"line":90,"column":36},"end":{"line":103,"column":3}},"line":90},"14":{"name":"(anonymous_14)","decl":{"start":{"line":105,"column":20},"end":{"line":105,"column":21}},"loc":{"start":{"line":105,"column":32},"end":{"line":109,"column":3}},"line":105},"15":{"name":"(anonymous_15)","decl":{"start":{"line":111,"column":31},"end":{"line":111,"column":32}},"loc":{"start":{"line":111,"column":42},"end":{"line":113,"column":3}},"line":111},"16":{"name":"(anonymous_16)","decl":{"start":{"line":115,"column":31},"end":{"line":115,"column":32}},"loc":{"start":{"line":115,"column":42},"end":{"line":117,"column":3}},"line":115},"17":{"name":"(anonymous_17)","decl":{"start":{"line":119,"column":21},"end":{"line":119,"column":22}},"loc":{"start":{"line":119,"column":51},"end":{"line":135,"column":3}},"line":119},"18":{"name":"(anonymous_18)","decl":{"start":{"line":137,"column":28},"end":{"line":137,"column":29}},"loc":{"start":{"line":137,"column":38},"end":{"line":147,"column":3}},"line":137},"19":{"name":"(anonymous_19)","decl":{"start":{"line":149,"column":30},"end":{"line":149,"column":31}},"loc":{"start":{"line":149,"column":46},"end":{"line":163,"column":3}},"line":149},"20":{"name":"(anonymous_20)","decl":{"start":{"line":165,"column":20},"end":{"line":165,"column":21}},"loc":{"start":{"line":165,"column":26},"end":{"line":171,"column":3}},"line":165},"21":{"name":"(anonymous_21)","decl":{"start":{"line":175,"column":23},"end":{"line":175,"column":24}},"loc":{"start":{"line":175,"column":29},"end":{"line":202,"column":3}},"line":175},"22":{"name":"(anonymous_22)","decl":{"start":{"line":180,"column":19},"end":{"line":180,"column":20}},"loc":{"start":{"line":181,"column":10},"end":{"line":182,"column":56}},"line":181},"23":{"name":"(anonymous_23)","decl":{"start":{"line":188,"column":29},"end":{"line":188,"column":30}},"loc":{"start":{"line":188,"column":35},"end":{"line":188,"column":60}},"line":188},"24":{"name":"(anonymous_24)","decl":{"start":{"line":196,"column":29},"end":{"line":196,"column":30}},"loc":{"start":{"line":196,"column":35},"end":{"line":196,"column":59}},"line":196}},"branchMap":{"0":{"loc":{"start":{"line":9,"column":2},"end":{"line":11,"column":3}},"type":"if","locations":[{"start":{"line":9,"column":2},"end":{"line":11,"column":3}},{"start":{"line":9,"column":2},"end":{"line":11,"column":3}}],"line":9},"1":{"loc":{"start":{"line":9,"column":6},"end":{"line":9,"column":40}},"type":"binary-expr","locations":[{"start":{"line":9,"column":6},"end":{"line":9,"column":22}},{"start":{"line":9,"column":26},"end":{"line":9,"column":40}}],"line":9},"2":{"loc":{"start":{"line":16,"column":2},"end":{"line":18,"column":3}},"type":"if","locations":[{"start":{"line":16,"column":2},"end":{"line":18,"column":3}},{"start":{"line":16,"column":2},"end":{"line":18,"column":3}}],"line":16},"3":{"loc":{"start":{"line":16,"column":6},"end":{"line":16,"column":40}},"type":"binary-expr","locations":[{"start":{"line":16,"column":6},"end":{"line":16,"column":22}},{"start":{"line":16,"column":26},"end":{"line":16,"column":40}}],"line":16},"4":{"loc":{"start":{"line":66,"column":8},"end":{"line":72,"column":9}},"type":"if","locations":[{"start":{"line":66,"column":8},"end":{"line":72,"column":9}},{"start":{"line":66,"column":8},"end":{"line":72,"column":9}}],"line":66},"5":{"loc":{"start":{"line":68,"column":15},"end":{"line":72,"column":9}},"type":"if","locations":[{"start":{"line":68,"column":15},"end":{"line":72,"column":9}},{"start":{"line":68,"column":15},"end":{"line":72,"column":9}}],"line":68},"6":{"loc":{"start":{"line":83,"column":4},"end":{"line":87,"column":5}},"type":"if","locations":[{"start":{"line":83,"column":4},"end":{"line":87,"column":5}},{"start":{"line":83,"column":4},"end":{"line":87,"column":5}}],"line":83},"7":{"loc":{"start":{"line":126,"column":6},"end":{"line":132,"column":7}},"type":"if","locations":[{"start":{"line":126,"column":6},"end":{"line":132,"column":7}},{"start":{"line":126,"column":6},"end":{"line":132,"column":7}}],"line":126},"8":{"loc":{"start":{"line":128,"column":13},"end":{"line":132,"column":7}},"type":"if","locations":[{"start":{"line":128,"column":13},"end":{"line":132,"column":7}},{"start":{"line":128,"column":13},"end":{"line":132,"column":7}}],"line":128},"9":{"loc":{"start":{"line":150,"column":4},"end":{"line":153,"column":12}},"type":"if","locations":[{"start":{"line":150,"column":4},"end":{"line":153,"column":12}},{"start":{"line":150,"column":4},"end":{"line":153,"column":12}}],"line":150},"10":{"loc":{"start":{"line":186,"column":8},"end":{"line":199,"column":16}},"type":"cond-expr","locations":[{"start":{"line":186,"column":26},"end":{"line":192,"column":14}},{"start":{"line":193,"column":10},"end":{"line":199,"column":16}}],"line":186},"11":{"loc":{"start":{"line":210,"column":7},"end":{"line":212,"column":22}},"type":"cond-expr","locations":[{"start":{"line":211,"column":8},"end":{"line":211,"column":19}},{"start":{"line":212,"column":8},"end":{"line":212,"column":22}}],"line":210}},"s":{"0":0,"1":0,"2":0,"3":0,"4":0,"5":0,"6":0,"7":0,"8":0,"9":0,"10":0,"11":0,"12":0,"13":0,"14":0,"15":0,"16":0,"17":0,"18":0,"19":0,"20":0,"21":0,"22":0,"23":0,"24":0,"25":0,"26":0,"27":0,"28":0,"29":0,"30":0,"31":0,"32":0,"33":0,"34":0,"35":0,"36":0,"37":0,"38":0,"39":0,"40":0,"41":0,"42":0,"43":0,"44":0,"45":0,"46":0,"47":0,"48":0,"49":0,"50":0,"51":0,"52":0,"53":0,"54":0,"55":0,"56":0,"57":0,"58":0,"59":0,"60":0,"61":0,"62":0,"63":0,"64":0,"65":0,"66":0,"67":0,"68":0,"69":0,"70":0,"71":0,"72":0,"73":0,"74":0,"75":0,"76":0,"77":0,"78":0,"79":0,"80":0,"81":0,"82":0,"83":0,"84":0,"85":0,"86":0,"87":0,"88":0,"89":0,"90":0,"91":0,"92":0,"93":0,"94":0,"95":0,"96":0},"f":{"0":0,"1":0,"2":0,"3":0,"4":0,"5":0,"6":0,"7":0,"8":0,"9":0,"10":0,"11":0,"12":0,"13":0,"14":0,"15":0,"16":0,"17":0,"18":0,"19":0,"20":0,"21":0,"22":0,"23":0,"24":0},"b":{"0":[0,0],"1":[0,0],"2":[0,0],"3":[0,0],"4":[0,0],"5":[0,0],"6":[0,0],"7":[0,0],"8":[0,0],"9":[0,0],"10":[0,0],"11":[0,0]}}
,"/home/arttu/devaus/fullstackopen/part5/frontend/src/index.js": {"path":"/home/arttu/devaus/fullstackopen/part5/frontend/src/index.js","statementMap":{"0":{"start":{"line":7,"column":0},"end":{"line":7,"column":57}}},"fnMap":{},"branchMap":{},"s":{"0":0},"f":{},"b":{}}
,"/home/arttu/devaus/fullstackopen/part5/frontend/src/components/Blog.js": {"path":"/home/arttu/devaus/fullstackopen/part5/frontend/src/components/Blog.js","statementMap":{"0":{"start":{"line":4,"column":13},"end":{"line":47,"column":1}},"1":{"start":{"line":6,"column":32},"end":{"line":6,"column":47}},"2":{"start":{"line":7,"column":20},"end":{"line":13,"column":3}},"3":{"start":{"line":15,"column":29},"end":{"line":17,"column":3}},"4":{"start":{"line":16,"column":4},"end":{"line":16,"column":29}},"5":{"start":{"line":19,"column":27},"end":{"line":24,"column":3}},"6":{"start":{"line":20,"column":4},"end":{"line":22,"column":5}},"7":{"start":{"line":23,"column":4},"end":{"line":23,"column":19}},"8":{"start":{"line":26,"column":2},"end":{"line":46,"column":5}},"9":{"start":{"line":27,"column":4},"end":{"line":39,"column":5}},"10":{"start":{"line":29,"column":64},"end":{"line":29,"column":81}},"11":{"start":{"line":42,"column":4},"end":{"line":46,"column":5}},"12":{"start":{"line":44,"column":58},"end":{"line":44,"column":74}},"13":{"start":{"line":49,"column":0},"end":{"line":53,"column":1}}},"fnMap":{"0":{"name":"(anonymous_0)","decl":{"start":{"line":4,"column":13},"end":{"line":4,"column":14}},"loc":{"start":{"line":4,"column":67},"end":{"line":47,"column":1}},"line":4},"1":{"name":"(anonymous_1)","decl":{"start":{"line":15,"column":29},"end":{"line":15,"column":30}},"loc":{"start":{"line":15,"column":35},"end":{"line":17,"column":3}},"line":15},"2":{"name":"(anonymous_2)","decl":{"start":{"line":19,"column":27},"end":{"line":19,"column":28}},"loc":{"start":{"line":19,"column":33},"end":{"line":24,"column":3}},"line":19},"3":{"name":"(anonymous_3)","decl":{"start":{"line":29,"column":58},"end":{"line":29,"column":59}},"loc":{"start":{"line":29,"column":64},"end":{"line":29,"column":81}},"line":29},"4":{"name":"(anonymous_4)","decl":{"start":{"line":44,"column":52},"end":{"line":44,"column":53}},"loc":{"start":{"line":44,"column":58},"end":{"line":44,"column":74}},"line":44}},"branchMap":{"0":{"loc":{"start":{"line":26,"column":2},"end":{"line":46,"column":5}},"type":"if","locations":[{"start":{"line":26,"column":2},"end":{"line":46,"column":5}},{"start":{"line":26,"column":2},"end":{"line":46,"column":5}}],"line":26},"1":{"loc":{"start":{"line":33,"column":9},"end":{"line":35,"column":51}},"type":"cond-expr","locations":[{"start":{"line":34,"column":10},"end":{"line":34,"column":54}},{"start":{"line":35,"column":10},"end":{"line":35,"column":51}}],"line":33}},"s":{"0":1,"1":5,"2":5,"3":5,"4":0,"5":5,"6":2,"7":2,"8":5,"9":2,"10":0,"11":3,"12":2,"13":1},"f":{"0":5,"1":0,"2":2,"3":0,"4":2},"b":{"0":[2,3],"1":[0,2]},"_coverageSchema":"1a1c01bbd47fc00a2c39e90264f33305004495a9","hash":"aeaace34340912267ab4feb1ddd29f9cf3aed27e"}
,"/home/arttu/devaus/fullstackopen/part5/frontend/src/components/BlogForm.js": {"path":"/home/arttu/devaus/fullstackopen/part5/frontend/src/components/BlogForm.js","statementMap":{"0":{"start":{"line":4,"column":17},"end":{"line":40,"column":1}},"1":{"start":{"line":8,"column":28},"end":{"line":8,"column":40}},"2":{"start":{"line":9,"column":30},"end":{"line":9,"column":42}},"3":{"start":{"line":10,"column":24},"end":{"line":10,"column":36}},"4":{"start":{"line":13,"column":29},"end":{"line":15,"column":3}},"5":{"start":{"line":14,"column":4},"end":{"line":14,"column":33}},"6":{"start":{"line":16,"column":28},"end":{"line":18,"column":3}},"7":{"start":{"line":17,"column":4},"end":{"line":17,"column":32}},"8":{"start":{"line":19,"column":26},"end":{"line":21,"column":3}},"9":{"start":{"line":20,"column":4},"end":{"line":20,"column":30}},"10":{"start":{"line":23,"column":23},"end":{"line":26,"column":3}},"11":{"start":{"line":24,"column":4},"end":{"line":24,"column":26}},"12":{"start":{"line":25,"column":4},"end":{"line":25,"column":32}},"13":{"start":{"line":28,"column":2},"end":{"line":39,"column":3}}},"fnMap":{"0":{"name":"(anonymous_0)","decl":{"start":{"line":4,"column":17},"end":{"line":4,"column":18}},"loc":{"start":{"line":6,"column":6},"end":{"line":40,"column":1}},"line":6},"1":{"name":"(anonymous_1)","decl":{"start":{"line":13,"column":29},"end":{"line":13,"column":30}},"loc":{"start":{"line":13,"column":40},"end":{"line":15,"column":3}},"line":13},"2":{"name":"(anonymous_2)","decl":{"start":{"line":16,"column":28},"end":{"line":16,"column":29}},"loc":{"start":{"line":16,"column":39},"end":{"line":18,"column":3}},"line":16},"3":{"name":"(anonymous_3)","decl":{"start":{"line":19,"column":26},"end":{"line":19,"column":27}},"loc":{"start":{"line":19,"column":37},"end":{"line":21,"column":3}},"line":19},"4":{"name":"(anonymous_4)","decl":{"start":{"line":23,"column":23},"end":{"line":23,"column":24}},"loc":{"start":{"line":23,"column":34},"end":{"line":26,"column":3}},"line":23}},"branchMap":{},"s":{"0":1,"1":4,"2":4,"3":4,"4":4,"5":1,"6":4,"7":1,"8":4,"9":1,"10":4,"11":1,"12":1,"13":4},"f":{"0":4,"1":1,"2":1,"3":1,"4":1},"b":{},"_coverageSchema":"1a1c01bbd47fc00a2c39e90264f33305004495a9","hash":"ead3ecfb8e88a1e93ee013f445c41e9ab704e10c"}
,"/home/arttu/devaus/fullstackopen/part5/frontend/src/services/blogs.js": {"path":"/home/arttu/devaus/fullstackopen/part5/frontend/src/services/blogs.js","statementMap":{"0":{"start":{"line":2,"column":16},"end":{"line":2,"column":28}},"1":{"start":{"line":6,"column":15},"end":{"line":9,"column":1}},"2":{"start":{"line":7,"column":18},"end":{"line":7,"column":36}},"3":{"start":{"line":8,"column":2},"end":{"line":8,"column":48}},"4":{"start":{"line":8,"column":34},"end":{"line":8,"column":47}},"5":{"start":{"line":11,"column":17},"end":{"line":13,"column":1}},"6":{"start":{"line":12,"column":2},"end":{"line":12,"column":30}},"7":{"start":{"line":15,"column":17},"end":{"line":20,"column":1}},"8":{"start":{"line":16,"column":18},"end":{"line":18,"column":4}},"9":{"start":{"line":19,"column":2},"end":{"line":19,"column":48}},"10":{"start":{"line":19,"column":34},"end":{"line":19,"column":47}},"11":{"start":{"line":22,"column":17},"end":{"line":25,"column":1}},"12":{"start":{"line":23,"column":18},"end":{"line":23,"column":69}},"13":{"start":{"line":24,"column":2},"end":{"line":24,"column":48}},"14":{"start":{"line":24,"column":34},"end":{"line":24,"column":47}},"15":{"start":{"line":27,"column":19},"end":{"line":32,"column":1}},"16":{"start":{"line":28,"column":18},"end":{"line":30,"column":4}},"17":{"start":{"line":31,"column":2},"end":{"line":31,"column":48}},"18":{"start":{"line":31,"column":34},"end":{"line":31,"column":47}},"19":{"start":{"line":34,"column":16},"end":{"line":36,"column":1}}},"fnMap":{"0":{"name":"(anonymous_0)","decl":{"start":{"line":6,"column":15},"end":{"line":6,"column":16}},"loc":{"start":{"line":6,"column":21},"end":{"line":9,"column":1}},"line":6},"1":{"name":"(anonymous_1)","decl":{"start":{"line":8,"column":22},"end":{"line":8,"column":23}},"loc":{"start":{"line":8,"column":34},"end":{"line":8,"column":47}},"line":8},"2":{"name":"(anonymous_2)","decl":{"start":{"line":11,"column":17},"end":{"line":11,"column":18}},"loc":{"start":{"line":11,"column":31},"end":{"line":13,"column":1}},"line":11},"3":{"name":"(anonymous_3)","decl":{"start":{"line":15,"column":17},"end":{"line":15,"column":18}},"loc":{"start":{"line":15,"column":41},"end":{"line":20,"column":1}},"line":15},"4":{"name":"(anonymous_4)","decl":{"start":{"line":19,"column":22},"end":{"line":19,"column":23}},"loc":{"start":{"line":19,"column":34},"end":{"line":19,"column":47}},"line":19},"5":{"name":"(anonymous_5)","decl":{"start":{"line":22,"column":17},"end":{"line":22,"column":18}},"loc":{"start":{"line":22,"column":32},"end":{"line":25,"column":1}},"line":22},"6":{"name":"(anonymous_6)","decl":{"start":{"line":24,"column":22},"end":{"line":24,"column":23}},"loc":{"start":{"line":24,"column":34},"end":{"line":24,"column":47}},"line":24},"7":{"name":"(anonymous_7)","decl":{"start":{"line":27,"column":19},"end":{"line":27,"column":20}},"loc":{"start":{"line":27,"column":27},"end":{"line":32,"column":1}},"line":27},"8":{"name":"(anonymous_8)","decl":{"start":{"line":31,"column":22},"end":{"line":31,"column":23}},"loc":{"start":{"line":31,"column":34},"end":{"line":31,"column":47}},"line":31}},"branchMap":{},"s":{"0":0,"1":0,"2":0,"3":0,"4":0,"5":0,"6":0,"7":0,"8":0,"9":0,"10":0,"11":0,"12":0,"13":0,"14":0,"15":0,"16":0,"17":0,"18":0,"19":0},"f":{"0":0,"1":0,"2":0,"3":0,"4":0,"5":0,"6":0,"7":0,"8":0},"b":{}}
,"/home/arttu/devaus/fullstackopen/part5/frontend/src/services/login.js": {"path":"/home/arttu/devaus/fullstackopen/part5/frontend/src/services/login.js","statementMap":{"0":{"start":{"line":2,"column":16},"end":{"line":2,"column":28}},"1":{"start":{"line":4,"column":17},"end":{"line":13,"column":1}},"2":{"start":{"line":5,"column":2},"end":{"line":5,"column":60}},"3":{"start":{"line":6,"column":18},"end":{"line":7,"column":47}},"4":{"start":{"line":9,"column":2},"end":{"line":12,"column":4}},"5":{"start":{"line":10,"column":4},"end":{"line":11,"column":32}},"6":{"start":{"line":17,"column":16},"end":{"line":17,"column":28}}},"fnMap":{"0":{"name":"(anonymous_0)","decl":{"start":{"line":4,"column":17},"end":{"line":4,"column":18}},"loc":{"start":{"line":4,"column":41},"end":{"line":13,"column":1}},"line":4},"1":{"name":"(anonymous_1)","decl":{"start":{"line":9,"column":22},"end":{"line":9,"column":23}},"loc":{"start":{"line":9,"column":34},"end":{"line":12,"column":3}},"line":9}},"branchMap":{},"s":{"0":0,"1":0,"2":0,"3":0,"4":0,"5":0,"6":0},"f":{"0":0,"1":0},"b":{}}
}
